  Validating architecture
  Validating sources
  Copying sources remotely
  Starting remote build
  Compiling sources:
  stdafx.cpp
  buf.cpp
D:\IT4BI\INTERNSHIP\Alborg University_Faisal\ConvoyForLinux\ConvoyForLinux\func.h(44): warning : "SMALL_NUM" redefined
D:\IT4BI\INTERNSHIP\Alborg University_Faisal\ConvoyForLinux\ConvoyForLinux\geom.h(277,42): warning : comparison between signed and unsigned integer expressions [-Wsign-compare]
D:\IT4BI\INTERNSHIP\Alborg University_Faisal\ConvoyForLinux\ConvoyForLinux\geom.h(280,21): warning : comparison between signed and unsigned integer expressions [-Wsign-compare]
D:\IT4BI\INTERNSHIP\Alborg University_Faisal\ConvoyForLinux\ConvoyForLinux\geom.h(284,51): warning : conversion to ‘double’ from ‘std::vector<Point*>::size_type {aka long unsigned int}’ may alter its value [-Wconversion]
D:\IT4BI\INTERNSHIP\Alborg University_Faisal\ConvoyForLinux\ConvoyForLinux\geom.h(287,21): warning : comparison between signed and unsigned integer expressions [-Wsign-compare]
D:\IT4BI\INTERNSHIP\Alborg University_Faisal\ConvoyForLinux\ConvoyForLinux\geom.h(306,21): warning : conversion to ‘int’ from ‘std::vector<Point*>::size_type {aka long unsigned int}’ may alter its value [-Wconversion]
D:\IT4BI\INTERNSHIP\Alborg University_Faisal\ConvoyForLinux\ConvoyForLinux\geom.h(307,24): warning : conversion to ‘int’ from ‘std::vector<Point*>::size_type {aka long unsigned int}’ may alter its value [-Wconversion]
D:\IT4BI\INTERNSHIP\Alborg University_Faisal\ConvoyForLinux\ConvoyForLinux\geom.h(404,21): warning : conversion to ‘int’ from ‘std::vector<Point*>::size_type {aka long unsigned int}’ may alter its value [-Wconversion]
D:\IT4BI\INTERNSHIP\Alborg University_Faisal\ConvoyForLinux\ConvoyForLinux\geom.h(405,24): warning : conversion to ‘int’ from ‘std::vector<Point*>::size_type {aka long unsigned int}’ may alter its value [-Wconversion]
D:\IT4BI\INTERNSHIP\Alborg University_Faisal\ConvoyForLinux\ConvoyForLinux\buf.h(26,16): warning : conversion to ‘int’ from ‘std::vector<Point>::size_type {aka long unsigned int}’ may alter its value [-Wconversion]
D:\IT4BI\INTERNSHIP\Alborg University_Faisal\ConvoyForLinux\ConvoyForLinux\buf.h(27,7): warning : comparison between signed and unsigned integer expressions [-Wsign-compare]
D:\IT4BI\INTERNSHIP\Alborg University_Faisal\ConvoyForLinux\ConvoyForLinux\buf.h(59,34): warning : conversion to ‘int’ from ‘std::map<int, Trajectory>::size_type {aka long unsigned int}’ may alter its value [-Wconversion]
D:\IT4BI\INTERNSHIP\Alborg University_Faisal\ConvoyForLinux\ConvoyForLinux\buf.h(62,42): warning : conversion to ‘int’ from ‘std::map<int, std::vector<IPoint> >::size_type {aka long unsigned int}’ may alter its value [-Wconversion]
D:\IT4BI\INTERNSHIP\Alborg University_Faisal\ConvoyForLinux\ConvoyForLinux\buf.cpp(34,10): warning : comparison between signed and unsigned integer expressions [-Wsign-compare]
D:\IT4BI\INTERNSHIP\Alborg University_Faisal\ConvoyForLinux\ConvoyForLinux\buf.cpp(122,21): warning : conversion to ‘int’ from ‘std::vector<Point>::size_type {aka long unsigned int}’ may alter its value [-Wconversion]
D:\IT4BI\INTERNSHIP\Alborg University_Faisal\ConvoyForLinux\ConvoyForLinux\geom.h(23,24): warning : comparison between signed and unsigned integer expressions [-Wsign-compare]
D:\IT4BI\INTERNSHIP\Alborg University_Faisal\ConvoyForLinux\ConvoyForLinux\buf.cpp(134,11): warning : conversion to ‘int’ from ‘std::vector<IPoint>::size_type {aka long unsigned int}’ may alter its value [-Wconversion]
D:\IT4BI\INTERNSHIP\Alborg University_Faisal\ConvoyForLinux\ConvoyForLinux\geom.h(23,24): warning : comparison between signed and unsigned integer expressions [-Wsign-compare]
D:\IT4BI\INTERNSHIP\Alborg University_Faisal\ConvoyForLinux\ConvoyForLinux\buf.cpp(146,12): warning : conversion to ‘int’ from ‘std::vector<IPoint>::size_type {aka long unsigned int}’ may alter its value [-Wconversion]
D:\IT4BI\INTERNSHIP\Alborg University_Faisal\ConvoyForLinux\ConvoyForLinux\buf.cpp(151,10): warning : conversion to ‘int’ from ‘std::map<int, Trajectory>::size_type {aka long unsigned int}’ may alter its value [-Wconversion]
D:\IT4BI\INTERNSHIP\Alborg University_Faisal\ConvoyForLinux\ConvoyForLinux\buf.cpp(248,23): warning : conversion to ‘int’ from ‘std::set<int>::size_type {aka long unsigned int}’ may alter its value [-Wconversion]
D:\IT4BI\INTERNSHIP\Alborg University_Faisal\ConvoyForLinux\ConvoyForLinux\buf.cpp(249,26): warning : conversion to ‘int’ from ‘std::map<int, std::vector<Buffer::IPoint2> >::size_type {aka long unsigned int}’ may alter its value [-Wconversion]
D:\IT4BI\INTERNSHIP\Alborg University_Faisal\ConvoyForLinux\ConvoyForLinux\buf.cpp(253,28): warning : conversion to ‘int’ from ‘std::vector<Buffer::IPoint2>::size_type {aka long unsigned int}’ may alter its value [-Wconversion]
D:\IT4BI\INTERNSHIP\Alborg University_Faisal\ConvoyForLinux\ConvoyForLinux\buf.cpp(315,7): warning : unused variable ‘ss’ [-Wunused-variable]
D:\IT4BI\INTERNSHIP\Alborg University_Faisal\ConvoyForLinux\ConvoyForLinux\buf.cpp(347,10): warning : conversion to ‘int’ from ‘std::map<std::__cxx11::basic_string<char>, Trajectory>::size_type {aka long unsigned int}’ may alter its value [-Wconversion]
D:\IT4BI\INTERNSHIP\Alborg University_Faisal\ConvoyForLinux\ConvoyForLinux\buf.cpp(352,20): warning : comparison between signed and unsigned integer expressions [-Wsign-compare]
D:\IT4BI\INTERNSHIP\Alborg University_Faisal\ConvoyForLinux\ConvoyForLinux\buf.cpp(356,39): warning : conversion to ‘int’ from ‘std::map<std::__cxx11::basic_string<char>, Trajectory>::size_type {aka long unsigned int}’ may alter its value [-Wconversion]
D:\IT4BI\INTERNSHIP\Alborg University_Faisal\ConvoyForLinux\ConvoyForLinux\buf.cpp(400,55): warning : ISO C++ forbids converting a string constant to ‘char*’ [-Wwrite-strings]
D:\IT4BI\INTERNSHIP\Alborg University_Faisal\ConvoyForLinux\ConvoyForLinux\buf.cpp(406,55): warning : ISO C++ forbids converting a string constant to ‘char*’ [-Wwrite-strings]
D:\IT4BI\INTERNSHIP\Alborg University_Faisal\ConvoyForLinux\ConvoyForLinux\buf.cpp(403,7): warning : unused variable ‘dd’ [-Wunused-variable]
D:\IT4BI\INTERNSHIP\Alborg University_Faisal\ConvoyForLinux\ConvoyForLinux\buf.cpp(491,57): warning : ISO C++ forbids converting a string constant to ‘char*’ [-Wwrite-strings]
D:\IT4BI\INTERNSHIP\Alborg University_Faisal\ConvoyForLinux\ConvoyForLinux\buf.cpp(571,57): warning : ISO C++ forbids converting a string constant to ‘char*’ [-Wwrite-strings]
D:\IT4BI\INTERNSHIP\Alborg University_Faisal\ConvoyForLinux\ConvoyForLinux\buf.cpp(574,8): warning : unused variable ‘ss’ [-Wunused-variable]
D:\IT4BI\INTERNSHIP\Alborg University_Faisal\ConvoyForLinux\ConvoyForLinux\buf.cpp(615,20): warning : comparison between signed and unsigned integer expressions [-Wsign-compare]
D:\IT4BI\INTERNSHIP\Alborg University_Faisal\ConvoyForLinux\ConvoyForLinux\buf.cpp(650,19): warning : comparison between signed and unsigned integer expressions [-Wsign-compare]
D:\IT4BI\INTERNSHIP\Alborg University_Faisal\ConvoyForLinux\ConvoyForLinux\geom.h(22,24): warning : comparison between signed and unsigned integer expressions [-Wsign-compare]
D:\IT4BI\INTERNSHIP\Alborg University_Faisal\ConvoyForLinux\ConvoyForLinux\geom.h(22,42): warning : conversion to ‘int’ from ‘std::vector<Point>::size_type {aka long unsigned int}’ may alter its value [-Wconversion]
D:\IT4BI\INTERNSHIP\Alborg University_Faisal\ConvoyForLinux\ConvoyForLinux\geom.h(22,42): warning : conversion to ‘int’ from ‘std::vector<Point>::size_type {aka long unsigned int}’ may alter its value [-Wconversion]
D:\IT4BI\INTERNSHIP\Alborg University_Faisal\ConvoyForLinux\ConvoyForLinux\buf.cpp(676,19): warning : comparison between signed and unsigned integer expressions [-Wsign-compare]
D:\IT4BI\INTERNSHIP\Alborg University_Faisal\ConvoyForLinux\ConvoyForLinux\buf.cpp(683,8): warning : comparison between signed and unsigned integer expressions [-Wsign-compare]
D:\IT4BI\INTERNSHIP\Alborg University_Faisal\ConvoyForLinux\ConvoyForLinux\buf.cpp(678,7): warning : unused variable ‘rand’ [-Wunused-variable]
D:\IT4BI\INTERNSHIP\Alborg University_Faisal\ConvoyForLinux\ConvoyForLinux\buf.cpp(693,19): warning : comparison between signed and unsigned integer expressions [-Wsign-compare]
D:\IT4BI\INTERNSHIP\Alborg University_Faisal\ConvoyForLinux\ConvoyForLinux\buf.cpp(696,8): warning : comparison between signed and unsigned integer expressions [-Wsign-compare]
D:\IT4BI\INTERNSHIP\Alborg University_Faisal\ConvoyForLinux\ConvoyForLinux\buf.cpp(724,10): warning : conversion to ‘int’ from ‘std::map<int, Trajectory>::size_type {aka long unsigned int}’ may alter its value [-Wconversion]
  cmc.cpp
D:\IT4BI\INTERNSHIP\Alborg University_Faisal\ConvoyForLinux\ConvoyForLinux\func.h(44): warning : "SMALL_NUM" redefined
D:\IT4BI\INTERNSHIP\Alborg University_Faisal\ConvoyForLinux\ConvoyForLinux\geom.h(277,42): warning : comparison between signed and unsigned integer expressions [-Wsign-compare]
D:\IT4BI\INTERNSHIP\Alborg University_Faisal\ConvoyForLinux\ConvoyForLinux\geom.h(280,21): warning : comparison between signed and unsigned integer expressions [-Wsign-compare]
D:\IT4BI\INTERNSHIP\Alborg University_Faisal\ConvoyForLinux\ConvoyForLinux\geom.h(284,51): warning : conversion to ‘double’ from ‘std::vector<Point*>::size_type {aka long unsigned int}’ may alter its value [-Wconversion]
D:\IT4BI\INTERNSHIP\Alborg University_Faisal\ConvoyForLinux\ConvoyForLinux\geom.h(287,21): warning : comparison between signed and unsigned integer expressions [-Wsign-compare]
D:\IT4BI\INTERNSHIP\Alborg University_Faisal\ConvoyForLinux\ConvoyForLinux\geom.h(306,21): warning : conversion to ‘int’ from ‘std::vector<Point*>::size_type {aka long unsigned int}’ may alter its value [-Wconversion]
D:\IT4BI\INTERNSHIP\Alborg University_Faisal\ConvoyForLinux\ConvoyForLinux\geom.h(307,24): warning : conversion to ‘int’ from ‘std::vector<Point*>::size_type {aka long unsigned int}’ may alter its value [-Wconversion]
D:\IT4BI\INTERNSHIP\Alborg University_Faisal\ConvoyForLinux\ConvoyForLinux\geom.h(404,21): warning : conversion to ‘int’ from ‘std::vector<Point*>::size_type {aka long unsigned int}’ may alter its value [-Wconversion]
D:\IT4BI\INTERNSHIP\Alborg University_Faisal\ConvoyForLinux\ConvoyForLinux\geom.h(405,24): warning : conversion to ‘int’ from ‘std::vector<Point*>::size_type {aka long unsigned int}’ may alter its value [-Wconversion]
D:\IT4BI\INTERNSHIP\Alborg University_Faisal\ConvoyForLinux\ConvoyForLinux\buf.h(26,16): warning : conversion to ‘int’ from ‘std::vector<Point>::size_type {aka long unsigned int}’ may alter its value [-Wconversion]
D:\IT4BI\INTERNSHIP\Alborg University_Faisal\ConvoyForLinux\ConvoyForLinux\buf.h(27,7): warning : comparison between signed and unsigned integer expressions [-Wsign-compare]
D:\IT4BI\INTERNSHIP\Alborg University_Faisal\ConvoyForLinux\ConvoyForLinux\buf.h(59,34): warning : conversion to ‘int’ from ‘std::map<int, Trajectory>::size_type {aka long unsigned int}’ may alter its value [-Wconversion]
D:\IT4BI\INTERNSHIP\Alborg University_Faisal\ConvoyForLinux\ConvoyForLinux\buf.h(62,42): warning : conversion to ‘int’ from ‘std::map<int, std::vector<IPoint> >::size_type {aka long unsigned int}’ may alter its value [-Wconversion]
D:\IT4BI\INTERNSHIP\Alborg University_Faisal\ConvoyForLinux\ConvoyForLinux\dbscan.h(31,42): warning : conversion to ‘int’ from ‘std::vector<Convoy>::size_type {aka long unsigned int}’ may alter its value [-Wconversion]
D:\IT4BI\INTERNSHIP\Alborg University_Faisal\ConvoyForLinux\ConvoyForLinux\cmc.cpp(65,18): warning : comparison between signed and unsigned integer expressions [-Wsign-compare]
D:\IT4BI\INTERNSHIP\Alborg University_Faisal\ConvoyForLinux\ConvoyForLinux\cmc.cpp(91,27): warning : conversion to ‘int’ from ‘std::vector<int>::size_type {aka long unsigned int}’ may alter its value [-Wconversion]
  cuts.cpp
D:\IT4BI\INTERNSHIP\Alborg University_Faisal\ConvoyForLinux\ConvoyForLinux\func.h(44): warning : "SMALL_NUM" redefined
D:\IT4BI\INTERNSHIP\Alborg University_Faisal\ConvoyForLinux\ConvoyForLinux\geom.h(277,42): warning : comparison between signed and unsigned integer expressions [-Wsign-compare]
D:\IT4BI\INTERNSHIP\Alborg University_Faisal\ConvoyForLinux\ConvoyForLinux\geom.h(280,21): warning : comparison between signed and unsigned integer expressions [-Wsign-compare]
D:\IT4BI\INTERNSHIP\Alborg University_Faisal\ConvoyForLinux\ConvoyForLinux\geom.h(284,51): warning : conversion to ‘double’ from ‘std::vector<Point*>::size_type {aka long unsigned int}’ may alter its value [-Wconversion]
D:\IT4BI\INTERNSHIP\Alborg University_Faisal\ConvoyForLinux\ConvoyForLinux\geom.h(287,21): warning : comparison between signed and unsigned integer expressions [-Wsign-compare]
D:\IT4BI\INTERNSHIP\Alborg University_Faisal\ConvoyForLinux\ConvoyForLinux\geom.h(306,21): warning : conversion to ‘int’ from ‘std::vector<Point*>::size_type {aka long unsigned int}’ may alter its value [-Wconversion]
D:\IT4BI\INTERNSHIP\Alborg University_Faisal\ConvoyForLinux\ConvoyForLinux\geom.h(307,24): warning : conversion to ‘int’ from ‘std::vector<Point*>::size_type {aka long unsigned int}’ may alter its value [-Wconversion]
D:\IT4BI\INTERNSHIP\Alborg University_Faisal\ConvoyForLinux\ConvoyForLinux\geom.h(404,21): warning : conversion to ‘int’ from ‘std::vector<Point*>::size_type {aka long unsigned int}’ may alter its value [-Wconversion]
D:\IT4BI\INTERNSHIP\Alborg University_Faisal\ConvoyForLinux\ConvoyForLinux\geom.h(405,24): warning : conversion to ‘int’ from ‘std::vector<Point*>::size_type {aka long unsigned int}’ may alter its value [-Wconversion]
D:\IT4BI\INTERNSHIP\Alborg University_Faisal\ConvoyForLinux\ConvoyForLinux\buf.h(26,16): warning : conversion to ‘int’ from ‘std::vector<Point>::size_type {aka long unsigned int}’ may alter its value [-Wconversion]
D:\IT4BI\INTERNSHIP\Alborg University_Faisal\ConvoyForLinux\ConvoyForLinux\buf.h(27,7): warning : comparison between signed and unsigned integer expressions [-Wsign-compare]
D:\IT4BI\INTERNSHIP\Alborg University_Faisal\ConvoyForLinux\ConvoyForLinux\buf.h(59,34): warning : conversion to ‘int’ from ‘std::map<int, Trajectory>::size_type {aka long unsigned int}’ may alter its value [-Wconversion]
D:\IT4BI\INTERNSHIP\Alborg University_Faisal\ConvoyForLinux\ConvoyForLinux\buf.h(62,42): warning : conversion to ‘int’ from ‘std::map<int, std::vector<IPoint> >::size_type {aka long unsigned int}’ may alter its value [-Wconversion]
D:\IT4BI\INTERNSHIP\Alborg University_Faisal\ConvoyForLinux\ConvoyForLinux\dbscan.h(31,42): warning : conversion to ‘int’ from ‘std::vector<Convoy>::size_type {aka long unsigned int}’ may alter its value [-Wconversion]
D:\IT4BI\INTERNSHIP\Alborg University_Faisal\ConvoyForLinux\ConvoyForLinux\idist.h(20,26): warning : conversion to ‘int’ from ‘std::vector<PolyLine>::size_type {aka long unsigned int}’ may alter its value [-Wconversion]
D:\IT4BI\INTERNSHIP\Alborg University_Faisal\ConvoyForLinux\ConvoyForLinux\idist.h(52,10): warning : unused variable ‘R’ [-Wunused-variable]
D:\IT4BI\INTERNSHIP\Alborg University_Faisal\ConvoyForLinux\ConvoyForLinux\dbscanline.h(32,42): warning : conversion to ‘int’ from ‘std::vector<Convoy>::size_type {aka long unsigned int}’ may alter its value [-Wconversion]
D:\IT4BI\INTERNSHIP\Alborg University_Faisal\ConvoyForLinux\ConvoyForLinux\cuts.cpp(85,22): warning : conversion to ‘int’ from ‘std::map<int, CuTS::PolyLines>::size_type {aka long unsigned int}’ may alter its value [-Wconversion]
D:\IT4BI\INTERNSHIP\Alborg University_Faisal\ConvoyForLinux\ConvoyForLinux\cuts.cpp(98,24): warning : comparison between signed and unsigned integer expressions [-Wsign-compare]
D:\IT4BI\INTERNSHIP\Alborg University_Faisal\ConvoyForLinux\ConvoyForLinux\cuts.cpp(136,27): warning : conversion to ‘int’ from ‘std::vector<int>::size_type {aka long unsigned int}’ may alter its value [-Wconversion]
D:\IT4BI\INTERNSHIP\Alborg University_Faisal\ConvoyForLinux\ConvoyForLinux\cuts.cpp(210,19): warning : comparison between signed and unsigned integer expressions [-Wsign-compare]
D:\IT4BI\INTERNSHIP\Alborg University_Faisal\ConvoyForLinux\ConvoyForLinux\cuts.cpp(214,19): warning : comparison between signed and unsigned integer expressions [-Wsign-compare]
D:\IT4BI\INTERNSHIP\Alborg University_Faisal\ConvoyForLinux\ConvoyForLinux\cuts.cpp(226,19): warning : comparison between signed and unsigned integer expressions [-Wsign-compare]
D:\IT4BI\INTERNSHIP\Alborg University_Faisal\ConvoyForLinux\ConvoyForLinux\cuts.cpp(228,20): warning : comparison between signed and unsigned integer expressions [-Wsign-compare]
D:\IT4BI\INTERNSHIP\Alborg University_Faisal\ConvoyForLinux\ConvoyForLinux\cuts.cpp(236,9): warning : conversion to ‘int’ from ‘double’ may alter its value [-Wfloat-conversion]
D:\IT4BI\INTERNSHIP\Alborg University_Faisal\ConvoyForLinux\ConvoyForLinux\cuts.cpp(237,9): warning : conversion to ‘int’ from ‘double’ may alter its value [-Wfloat-conversion]
D:\IT4BI\INTERNSHIP\Alborg University_Faisal\ConvoyForLinux\ConvoyForLinux\cuts.cpp(238,8): warning : conversion to ‘int’ from ‘double’ may alter its value [-Wfloat-conversion]
D:\IT4BI\INTERNSHIP\Alborg University_Faisal\ConvoyForLinux\ConvoyForLinux\cuts.cpp(239,8): warning : conversion to ‘int’ from ‘double’ may alter its value [-Wfloat-conversion]
D:\IT4BI\INTERNSHIP\Alborg University_Faisal\ConvoyForLinux\ConvoyForLinux\cuts.cpp(244,19): warning : comparison between signed and unsigned integer expressions [-Wsign-compare]
D:\IT4BI\INTERNSHIP\Alborg University_Faisal\ConvoyForLinux\ConvoyForLinux\cuts.cpp(245,10): warning : conversion to ‘double’ from ‘std::set<int>::size_type {aka long unsigned int}’ may alter its value [-Wconversion]
D:\IT4BI\INTERNSHIP\Alborg University_Faisal\ConvoyForLinux\ConvoyForLinux\cuts.cpp(264,24): warning : conversion to ‘int’ from ‘std::set<int>::size_type {aka long unsigned int}’ may alter its value [-Wconversion]
D:\IT4BI\INTERNSHIP\Alborg University_Faisal\ConvoyForLinux\ConvoyForLinux\cuts.cpp(275,21): warning : conversion to ‘int’ from ‘std::vector<IPoint>::size_type {aka long unsigned int}’ may alter its value [-Wconversion]
D:\IT4BI\INTERNSHIP\Alborg University_Faisal\ConvoyForLinux\ConvoyForLinux\cuts.cpp(304,27): warning : conversion to ‘int’ from ‘std::vector<int>::size_type {aka long unsigned int}’ may alter its value [-Wconversion]
D:\IT4BI\INTERNSHIP\Alborg University_Faisal\ConvoyForLinux\ConvoyForLinux\cuts.cpp(349,65): warning : conversion to ‘int’ from ‘std::vector<Point>::size_type {aka long unsigned int}’ may alter its value [-Wconversion]
D:\IT4BI\INTERNSHIP\Alborg University_Faisal\ConvoyForLinux\ConvoyForLinux\cuts.cpp(351,28): warning : conversion to ‘int’ from ‘std::set<double>::size_type {aka long unsigned int}’ may alter its value [-Wconversion]
D:\IT4BI\INTERNSHIP\Alborg University_Faisal\ConvoyForLinux\ConvoyForLinux\cuts.cpp(398,23): warning : conversion to ‘int’ from ‘double’ may alter its value [-Wfloat-conversion]
D:\IT4BI\INTERNSHIP\Alborg University_Faisal\ConvoyForLinux\ConvoyForLinux\cuts.cpp(447,21): warning : conversion to ‘int’ from ‘std::vector<Point>::size_type {aka long unsigned int}’ may alter its value [-Wconversion]
D:\IT4BI\INTERNSHIP\Alborg University_Faisal\ConvoyForLinux\ConvoyForLinux\cuts.cpp(479,33): warning : comparison between signed and unsigned integer expressions [-Wsign-compare]
D:\IT4BI\INTERNSHIP\Alborg University_Faisal\ConvoyForLinux\ConvoyForLinux\cuts.cpp(487,27): warning : conversion to ‘int’ from ‘std::vector<Point*>::size_type {aka long unsigned int}’ may alter its value [-Wconversion]
D:\IT4BI\INTERNSHIP\Alborg University_Faisal\ConvoyForLinux\ConvoyForLinux\cuts.cpp(488,24): warning : comparison between signed and unsigned integer expressions [-Wsign-compare]
D:\IT4BI\INTERNSHIP\Alborg University_Faisal\ConvoyForLinux\ConvoyForLinux\cuts.cpp(500,12): warning : conversion to ‘int’ from ‘std::vector<Point*>::size_type {aka long unsigned int}’ may alter its value [-Wconversion]
D:\IT4BI\INTERNSHIP\Alborg University_Faisal\ConvoyForLinux\ConvoyForLinux\cuts.cpp(502,17): warning : comparison between signed and unsigned integer expressions [-Wsign-compare]
D:\IT4BI\INTERNSHIP\Alborg University_Faisal\ConvoyForLinux\ConvoyForLinux\cuts.cpp(502,12): warning : conversion to ‘int’ from ‘std::vector<Point*>::size_type {aka long unsigned int}’ may alter its value [-Wconversion]
D:\IT4BI\INTERNSHIP\Alborg University_Faisal\ConvoyForLinux\ConvoyForLinux\cuts.cpp(584,21): warning : conversion to ‘int’ from ‘std::vector<Point>::size_type {aka long unsigned int}’ may alter its value [-Wconversion]
D:\IT4BI\INTERNSHIP\Alborg University_Faisal\ConvoyForLinux\ConvoyForLinux\cuts.cpp(614,20): warning : comparison between signed and unsigned integer expressions [-Wsign-compare]
D:\IT4BI\INTERNSHIP\Alborg University_Faisal\ConvoyForLinux\ConvoyForLinux\cuts.cpp(621,21): warning : comparison between signed and unsigned integer expressions [-Wsign-compare]
D:\IT4BI\INTERNSHIP\Alborg University_Faisal\ConvoyForLinux\ConvoyForLinux\cuts.cpp(611,7): warning : unused variable ‘et’ [-Wunused-variable]
D:\IT4BI\INTERNSHIP\Alborg University_Faisal\ConvoyForLinux\ConvoyForLinux\cuts.cpp(575,9): warning : unused variable ‘ratiosum’ [-Wunused-variable]
D:\IT4BI\INTERNSHIP\Alborg University_Faisal\ConvoyForLinux\ConvoyForLinux\cuts.cpp(803,62): warning : conversion to ‘double’ from ‘clock_t {aka long int}’ may alter its value [-Wconversion]
D:\IT4BI\INTERNSHIP\Alborg University_Faisal\ConvoyForLinux\ConvoyForLinux\cuts.cpp(804,62): warning : conversion to ‘double’ from ‘clock_t {aka long int}’ may alter its value [-Wconversion]
D:\IT4BI\INTERNSHIP\Alborg University_Faisal\ConvoyForLinux\ConvoyForLinux\cuts.cpp(805,62): warning : conversion to ‘double’ from ‘clock_t {aka long int}’ may alter its value [-Wconversion]
D:\IT4BI\INTERNSHIP\Alborg University_Faisal\ConvoyForLinux\ConvoyForLinux\cuts.cpp(803,9): warning : unused variable ‘filter’ [-Wunused-variable]
D:\IT4BI\INTERNSHIP\Alborg University_Faisal\ConvoyForLinux\ConvoyForLinux\cuts.cpp(804,9): warning : unused variable ‘simple’ [-Wunused-variable]
D:\IT4BI\INTERNSHIP\Alborg University_Faisal\ConvoyForLinux\ConvoyForLinux\cuts.cpp(805,9): warning : unused variable ‘refine’ [-Wunused-variable]
D:\IT4BI\INTERNSHIP\Alborg University_Faisal\ConvoyForLinux\ConvoyForLinux\cuts.cpp(830,56): warning : conversion to ‘double’ from ‘clock_t {aka long int}’ may alter its value [-Wconversion]
D:\IT4BI\INTERNSHIP\Alborg University_Faisal\ConvoyForLinux\ConvoyForLinux\cuts.cpp(831,53): warning : conversion to ‘double’ from ‘clock_t {aka long int}’ may alter its value [-Wconversion]
D:\IT4BI\INTERNSHIP\Alborg University_Faisal\ConvoyForLinux\ConvoyForLinux\cuts.cpp(832,53): warning : conversion to ‘double’ from ‘clock_t {aka long int}’ may alter its value [-Wconversion]
D:\IT4BI\INTERNSHIP\Alborg University_Faisal\ConvoyForLinux\ConvoyForLinux\cuts.cpp(833,53): warning : conversion to ‘double’ from ‘clock_t {aka long int}’ may alter its value [-Wconversion]
D:\IT4BI\INTERNSHIP\Alborg University_Faisal\ConvoyForLinux\ConvoyForLinux\cuts.cpp(855,56): warning : conversion to ‘double’ from ‘clock_t {aka long int}’ may alter its value [-Wconversion]
D:\IT4BI\INTERNSHIP\Alborg University_Faisal\ConvoyForLinux\ConvoyForLinux\cuts.cpp(856,53): warning : conversion to ‘double’ from ‘clock_t {aka long int}’ may alter its value [-Wconversion]
D:\IT4BI\INTERNSHIP\Alborg University_Faisal\ConvoyForLinux\ConvoyForLinux\cuts.cpp(857,53): warning : conversion to ‘double’ from ‘clock_t {aka long int}’ may alter its value [-Wconversion]
D:\IT4BI\INTERNSHIP\Alborg University_Faisal\ConvoyForLinux\ConvoyForLinux\cuts.cpp(858,53): warning : conversion to ‘double’ from ‘clock_t {aka long int}’ may alter its value [-Wconversion]
D:\IT4BI\INTERNSHIP\Alborg University_Faisal\ConvoyForLinux\ConvoyForLinux\cuts.cpp(875,19): warning : comparison between signed and unsigned integer expressions [-Wsign-compare]
D:\IT4BI\INTERNSHIP\Alborg University_Faisal\ConvoyForLinux\ConvoyForLinux\cuts.cpp(915,20): warning : comparison between signed and unsigned integer expressions [-Wsign-compare]
D:\IT4BI\INTERNSHIP\Alborg University_Faisal\ConvoyForLinux\ConvoyForLinux\cuts.cpp(924,35): warning : conversion to ‘double’ from ‘std::set<int>::size_type {aka long unsigned int}’ may alter its value [-Wconversion]
D:\IT4BI\INTERNSHIP\Alborg University_Faisal\ConvoyForLinux\ConvoyForLinux\cuts.cpp(925,18): warning : comparison between signed and unsigned integer expressions [-Wsign-compare]
D:\IT4BI\INTERNSHIP\Alborg University_Faisal\ConvoyForLinux\ConvoyForLinux\cuts.cpp(936,20): warning : comparison between signed and unsigned integer expressions [-Wsign-compare]
D:\IT4BI\INTERNSHIP\Alborg University_Faisal\ConvoyForLinux\ConvoyForLinux\cuts.cpp(978,20): warning : comparison between signed and unsigned integer expressions [-Wsign-compare]
D:\IT4BI\INTERNSHIP\Alborg University_Faisal\ConvoyForLinux\ConvoyForLinux\cuts.cpp(983,22): warning : comparison between signed and unsigned integer expressions [-Wsign-compare]
  cv.cpp
D:\IT4BI\INTERNSHIP\Alborg University_Faisal\ConvoyForLinux\ConvoyForLinux\func.h(44): warning : "SMALL_NUM" redefined
D:\IT4BI\INTERNSHIP\Alborg University_Faisal\ConvoyForLinux\ConvoyForLinux\geom.h(277,42): warning : comparison between signed and unsigned integer expressions [-Wsign-compare]
D:\IT4BI\INTERNSHIP\Alborg University_Faisal\ConvoyForLinux\ConvoyForLinux\geom.h(280,21): warning : comparison between signed and unsigned integer expressions [-Wsign-compare]
D:\IT4BI\INTERNSHIP\Alborg University_Faisal\ConvoyForLinux\ConvoyForLinux\geom.h(284,51): warning : conversion to ‘double’ from ‘std::vector<Point*>::size_type {aka long unsigned int}’ may alter its value [-Wconversion]
D:\IT4BI\INTERNSHIP\Alborg University_Faisal\ConvoyForLinux\ConvoyForLinux\geom.h(287,21): warning : comparison between signed and unsigned integer expressions [-Wsign-compare]
D:\IT4BI\INTERNSHIP\Alborg University_Faisal\ConvoyForLinux\ConvoyForLinux\geom.h(306,21): warning : conversion to ‘int’ from ‘std::vector<Point*>::size_type {aka long unsigned int}’ may alter its value [-Wconversion]
D:\IT4BI\INTERNSHIP\Alborg University_Faisal\ConvoyForLinux\ConvoyForLinux\geom.h(307,24): warning : conversion to ‘int’ from ‘std::vector<Point*>::size_type {aka long unsigned int}’ may alter its value [-Wconversion]
D:\IT4BI\INTERNSHIP\Alborg University_Faisal\ConvoyForLinux\ConvoyForLinux\geom.h(404,21): warning : conversion to ‘int’ from ‘std::vector<Point*>::size_type {aka long unsigned int}’ may alter its value [-Wconversion]
D:\IT4BI\INTERNSHIP\Alborg University_Faisal\ConvoyForLinux\ConvoyForLinux\geom.h(405,24): warning : conversion to ‘int’ from ‘std::vector<Point*>::size_type {aka long unsigned int}’ may alter its value [-Wconversion]
D:\IT4BI\INTERNSHIP\Alborg University_Faisal\ConvoyForLinux\ConvoyForLinux\cv.cpp(190,19): warning : comparison between signed and unsigned integer expressions [-Wsign-compare]
  cvq.cpp
D:\IT4BI\INTERNSHIP\Alborg University_Faisal\ConvoyForLinux\ConvoyForLinux\func.h(44): warning : "SMALL_NUM" redefined
D:\IT4BI\INTERNSHIP\Alborg University_Faisal\ConvoyForLinux\ConvoyForLinux\geom.h(277,42): warning : comparison between signed and unsigned integer expressions [-Wsign-compare]
D:\IT4BI\INTERNSHIP\Alborg University_Faisal\ConvoyForLinux\ConvoyForLinux\geom.h(280,21): warning : comparison between signed and unsigned integer expressions [-Wsign-compare]
D:\IT4BI\INTERNSHIP\Alborg University_Faisal\ConvoyForLinux\ConvoyForLinux\geom.h(284,51): warning : conversion to ‘double’ from ‘std::vector<Point*>::size_type {aka long unsigned int}’ may alter its value [-Wconversion]
D:\IT4BI\INTERNSHIP\Alborg University_Faisal\ConvoyForLinux\ConvoyForLinux\geom.h(287,21): warning : comparison between signed and unsigned integer expressions [-Wsign-compare]
D:\IT4BI\INTERNSHIP\Alborg University_Faisal\ConvoyForLinux\ConvoyForLinux\geom.h(306,21): warning : conversion to ‘int’ from ‘std::vector<Point*>::size_type {aka long unsigned int}’ may alter its value [-Wconversion]
D:\IT4BI\INTERNSHIP\Alborg University_Faisal\ConvoyForLinux\ConvoyForLinux\geom.h(307,24): warning : conversion to ‘int’ from ‘std::vector<Point*>::size_type {aka long unsigned int}’ may alter its value [-Wconversion]
D:\IT4BI\INTERNSHIP\Alborg University_Faisal\ConvoyForLinux\ConvoyForLinux\geom.h(404,21): warning : conversion to ‘int’ from ‘std::vector<Point*>::size_type {aka long unsigned int}’ may alter its value [-Wconversion]
D:\IT4BI\INTERNSHIP\Alborg University_Faisal\ConvoyForLinux\ConvoyForLinux\geom.h(405,24): warning : conversion to ‘int’ from ‘std::vector<Point*>::size_type {aka long unsigned int}’ may alter its value [-Wconversion]
D:\IT4BI\INTERNSHIP\Alborg University_Faisal\ConvoyForLinux\ConvoyForLinux\buf.h(26,16): warning : conversion to ‘int’ from ‘std::vector<Point>::size_type {aka long unsigned int}’ may alter its value [-Wconversion]
D:\IT4BI\INTERNSHIP\Alborg University_Faisal\ConvoyForLinux\ConvoyForLinux\buf.h(27,7): warning : comparison between signed and unsigned integer expressions [-Wsign-compare]
D:\IT4BI\INTERNSHIP\Alborg University_Faisal\ConvoyForLinux\ConvoyForLinux\buf.h(59,34): warning : conversion to ‘int’ from ‘std::map<int, Trajectory>::size_type {aka long unsigned int}’ may alter its value [-Wconversion]
D:\IT4BI\INTERNSHIP\Alborg University_Faisal\ConvoyForLinux\ConvoyForLinux\buf.h(62,42): warning : conversion to ‘int’ from ‘std::map<int, std::vector<IPoint> >::size_type {aka long unsigned int}’ may alter its value [-Wconversion]
D:\IT4BI\INTERNSHIP\Alborg University_Faisal\ConvoyForLinux\ConvoyForLinux\dbscan.h(31,42): warning : conversion to ‘int’ from ‘std::vector<Convoy>::size_type {aka long unsigned int}’ may alter its value [-Wconversion]
D:\IT4BI\INTERNSHIP\Alborg University_Faisal\ConvoyForLinux\ConvoyForLinux\cvq.cpp(73,19): warning : comparison between signed and unsigned integer expressions [-Wsign-compare]
D:\IT4BI\INTERNSHIP\Alborg University_Faisal\ConvoyForLinux\ConvoyForLinux\cvq.cpp(101,9): warning : conversion to ‘int’ from ‘std::vector<Convoy>::size_type {aka long unsigned int}’ may alter its value [-Wconversion]
D:\IT4BI\INTERNSHIP\Alborg University_Faisal\ConvoyForLinux\ConvoyForLinux\cvq.cpp(106,9): warning : conversion to ‘int’ from ‘std::vector<Convoy>::size_type {aka long unsigned int}’ may alter its value [-Wconversion]
D:\IT4BI\INTERNSHIP\Alborg University_Faisal\ConvoyForLinux\ConvoyForLinux\cvq.cpp(120,9): warning : conversion to ‘int’ from ‘double’ may alter its value [-Wfloat-conversion]
D:\IT4BI\INTERNSHIP\Alborg University_Faisal\ConvoyForLinux\ConvoyForLinux\cvq.cpp(121,9): warning : conversion to ‘int’ from ‘double’ may alter its value [-Wfloat-conversion]
D:\IT4BI\INTERNSHIP\Alborg University_Faisal\ConvoyForLinux\ConvoyForLinux\cvq.cpp(122,8): warning : conversion to ‘int’ from ‘double’ may alter its value [-Wfloat-conversion]
D:\IT4BI\INTERNSHIP\Alborg University_Faisal\ConvoyForLinux\ConvoyForLinux\cvq.cpp(123,8): warning : conversion to ‘int’ from ‘double’ may alter its value [-Wfloat-conversion]
D:\IT4BI\INTERNSHIP\Alborg University_Faisal\ConvoyForLinux\ConvoyForLinux\cvq.cpp(155,21): warning : conversion to ‘int’ from ‘std::vector<IPoint>::size_type {aka long unsigned int}’ may alter its value [-Wconversion]
D:\IT4BI\INTERNSHIP\Alborg University_Faisal\ConvoyForLinux\ConvoyForLinux\cvq.cpp(197,11): warning : comparison between signed and unsigned integer expressions [-Wsign-compare]
D:\IT4BI\INTERNSHIP\Alborg University_Faisal\ConvoyForLinux\ConvoyForLinux\cvq.cpp(197,29): warning : conversion to ‘int’ from ‘std::set<double>::size_type {aka long unsigned int}’ may alter its value [-Wconversion]
D:\IT4BI\INTERNSHIP\Alborg University_Faisal\ConvoyForLinux\ConvoyForLinux\cvq.cpp(212,20): warning : comparison between signed and unsigned integer expressions [-Wsign-compare]
  dbscan.cpp
D:\IT4BI\INTERNSHIP\Alborg University_Faisal\ConvoyForLinux\ConvoyForLinux\func.h(44): warning : "SMALL_NUM" redefined
D:\IT4BI\INTERNSHIP\Alborg University_Faisal\ConvoyForLinux\ConvoyForLinux\geom.h(277,42): warning : comparison between signed and unsigned integer expressions [-Wsign-compare]
D:\IT4BI\INTERNSHIP\Alborg University_Faisal\ConvoyForLinux\ConvoyForLinux\geom.h(280,21): warning : comparison between signed and unsigned integer expressions [-Wsign-compare]
D:\IT4BI\INTERNSHIP\Alborg University_Faisal\ConvoyForLinux\ConvoyForLinux\geom.h(284,51): warning : conversion to ‘double’ from ‘std::vector<Point*>::size_type {aka long unsigned int}’ may alter its value [-Wconversion]
D:\IT4BI\INTERNSHIP\Alborg University_Faisal\ConvoyForLinux\ConvoyForLinux\geom.h(287,21): warning : comparison between signed and unsigned integer expressions [-Wsign-compare]
D:\IT4BI\INTERNSHIP\Alborg University_Faisal\ConvoyForLinux\ConvoyForLinux\geom.h(306,21): warning : conversion to ‘int’ from ‘std::vector<Point*>::size_type {aka long unsigned int}’ may alter its value [-Wconversion]
D:\IT4BI\INTERNSHIP\Alborg University_Faisal\ConvoyForLinux\ConvoyForLinux\geom.h(307,24): warning : conversion to ‘int’ from ‘std::vector<Point*>::size_type {aka long unsigned int}’ may alter its value [-Wconversion]
D:\IT4BI\INTERNSHIP\Alborg University_Faisal\ConvoyForLinux\ConvoyForLinux\geom.h(404,21): warning : conversion to ‘int’ from ‘std::vector<Point*>::size_type {aka long unsigned int}’ may alter its value [-Wconversion]
D:\IT4BI\INTERNSHIP\Alborg University_Faisal\ConvoyForLinux\ConvoyForLinux\geom.h(405,24): warning : conversion to ‘int’ from ‘std::vector<Point*>::size_type {aka long unsigned int}’ may alter its value [-Wconversion]
D:\IT4BI\INTERNSHIP\Alborg University_Faisal\ConvoyForLinux\ConvoyForLinux\buf.h(26,16): warning : conversion to ‘int’ from ‘std::vector<Point>::size_type {aka long unsigned int}’ may alter its value [-Wconversion]
D:\IT4BI\INTERNSHIP\Alborg University_Faisal\ConvoyForLinux\ConvoyForLinux\buf.h(27,7): warning : comparison between signed and unsigned integer expressions [-Wsign-compare]
D:\IT4BI\INTERNSHIP\Alborg University_Faisal\ConvoyForLinux\ConvoyForLinux\buf.h(59,34): warning : conversion to ‘int’ from ‘std::map<int, Trajectory>::size_type {aka long unsigned int}’ may alter its value [-Wconversion]
D:\IT4BI\INTERNSHIP\Alborg University_Faisal\ConvoyForLinux\ConvoyForLinux\buf.h(62,42): warning : conversion to ‘int’ from ‘std::map<int, std::vector<IPoint> >::size_type {aka long unsigned int}’ may alter its value [-Wconversion]
D:\IT4BI\INTERNSHIP\Alborg University_Faisal\ConvoyForLinux\ConvoyForLinux\dbscan.h(31,42): warning : conversion to ‘int’ from ‘std::vector<Convoy>::size_type {aka long unsigned int}’ may alter its value [-Wconversion]
D:\IT4BI\INTERNSHIP\Alborg University_Faisal\ConvoyForLinux\ConvoyForLinux\dbscan.cpp(62,19): warning : comparison between signed and unsigned integer expressions [-Wsign-compare]
D:\IT4BI\INTERNSHIP\Alborg University_Faisal\ConvoyForLinux\ConvoyForLinux\dbscan.cpp(118,19): warning : comparison between signed and unsigned integer expressions [-Wsign-compare]
D:\IT4BI\INTERNSHIP\Alborg University_Faisal\ConvoyForLinux\ConvoyForLinux\dbscan.cpp(136,22): warning : comparison between signed and unsigned integer expressions [-Wsign-compare]
D:\IT4BI\INTERNSHIP\Alborg University_Faisal\ConvoyForLinux\ConvoyForLinux\dbscan.cpp(175,20): warning : comparison between signed and unsigned integer expressions [-Wsign-compare]
D:\IT4BI\INTERNSHIP\Alborg University_Faisal\ConvoyForLinux\ConvoyForLinux\dbscan.cpp(206,23): warning : comparison between signed and unsigned integer expressions [-Wsign-compare]
D:\IT4BI\INTERNSHIP\Alborg University_Faisal\ConvoyForLinux\ConvoyForLinux\dbscan.cpp(212,21): warning : comparison between signed and unsigned integer expressions [-Wsign-compare]
D:\IT4BI\INTERNSHIP\Alborg University_Faisal\ConvoyForLinux\ConvoyForLinux\dbscan.cpp(223,19): warning : comparison between signed and unsigned integer expressions [-Wsign-compare]
D:\IT4BI\INTERNSHIP\Alborg University_Faisal\ConvoyForLinux\ConvoyForLinux\dbscan.cpp(224,21): warning : comparison between signed and unsigned integer expressions [-Wsign-compare]
  dbscanline.cpp
D:\IT4BI\INTERNSHIP\Alborg University_Faisal\ConvoyForLinux\ConvoyForLinux\func.h(44): warning : "SMALL_NUM" redefined
D:\IT4BI\INTERNSHIP\Alborg University_Faisal\ConvoyForLinux\ConvoyForLinux\geom.h(277,42): warning : comparison between signed and unsigned integer expressions [-Wsign-compare]
D:\IT4BI\INTERNSHIP\Alborg University_Faisal\ConvoyForLinux\ConvoyForLinux\geom.h(280,21): warning : comparison between signed and unsigned integer expressions [-Wsign-compare]
D:\IT4BI\INTERNSHIP\Alborg University_Faisal\ConvoyForLinux\ConvoyForLinux\geom.h(284,51): warning : conversion to ‘double’ from ‘std::vector<Point*>::size_type {aka long unsigned int}’ may alter its value [-Wconversion]
D:\IT4BI\INTERNSHIP\Alborg University_Faisal\ConvoyForLinux\ConvoyForLinux\geom.h(287,21): warning : comparison between signed and unsigned integer expressions [-Wsign-compare]
D:\IT4BI\INTERNSHIP\Alborg University_Faisal\ConvoyForLinux\ConvoyForLinux\geom.h(306,21): warning : conversion to ‘int’ from ‘std::vector<Point*>::size_type {aka long unsigned int}’ may alter its value [-Wconversion]
D:\IT4BI\INTERNSHIP\Alborg University_Faisal\ConvoyForLinux\ConvoyForLinux\geom.h(307,24): warning : conversion to ‘int’ from ‘std::vector<Point*>::size_type {aka long unsigned int}’ may alter its value [-Wconversion]
D:\IT4BI\INTERNSHIP\Alborg University_Faisal\ConvoyForLinux\ConvoyForLinux\geom.h(404,21): warning : conversion to ‘int’ from ‘std::vector<Point*>::size_type {aka long unsigned int}’ may alter its value [-Wconversion]
D:\IT4BI\INTERNSHIP\Alborg University_Faisal\ConvoyForLinux\ConvoyForLinux\geom.h(405,24): warning : conversion to ‘int’ from ‘std::vector<Point*>::size_type {aka long unsigned int}’ may alter its value [-Wconversion]
D:\IT4BI\INTERNSHIP\Alborg University_Faisal\ConvoyForLinux\ConvoyForLinux\buf.h(26,16): warning : conversion to ‘int’ from ‘std::vector<Point>::size_type {aka long unsigned int}’ may alter its value [-Wconversion]
D:\IT4BI\INTERNSHIP\Alborg University_Faisal\ConvoyForLinux\ConvoyForLinux\buf.h(27,7): warning : comparison between signed and unsigned integer expressions [-Wsign-compare]
D:\IT4BI\INTERNSHIP\Alborg University_Faisal\ConvoyForLinux\ConvoyForLinux\buf.h(59,34): warning : conversion to ‘int’ from ‘std::map<int, Trajectory>::size_type {aka long unsigned int}’ may alter its value [-Wconversion]
D:\IT4BI\INTERNSHIP\Alborg University_Faisal\ConvoyForLinux\ConvoyForLinux\buf.h(62,42): warning : conversion to ‘int’ from ‘std::map<int, std::vector<IPoint> >::size_type {aka long unsigned int}’ may alter its value [-Wconversion]
D:\IT4BI\INTERNSHIP\Alborg University_Faisal\ConvoyForLinux\ConvoyForLinux\idist.h(20,26): warning : conversion to ‘int’ from ‘std::vector<PolyLine>::size_type {aka long unsigned int}’ may alter its value [-Wconversion]
D:\IT4BI\INTERNSHIP\Alborg University_Faisal\ConvoyForLinux\ConvoyForLinux\idist.h(52,10): warning : unused variable ‘R’ [-Wunused-variable]
D:\IT4BI\INTERNSHIP\Alborg University_Faisal\ConvoyForLinux\ConvoyForLinux\dbscanline.h(32,42): warning : conversion to ‘int’ from ‘std::vector<Convoy>::size_type {aka long unsigned int}’ may alter its value [-Wconversion]
D:\IT4BI\INTERNSHIP\Alborg University_Faisal\ConvoyForLinux\ConvoyForLinux\dbscanline.cpp(52,21): warning : conversion to ‘int’ from ‘std::vector<PolyLine>::size_type {aka long unsigned int}’ may alter its value [-Wconversion]
D:\IT4BI\INTERNSHIP\Alborg University_Faisal\ConvoyForLinux\ConvoyForLinux\dbscanline.cpp(114,19): warning : comparison between signed and unsigned integer expressions [-Wsign-compare]
D:\IT4BI\INTERNSHIP\Alborg University_Faisal\ConvoyForLinux\ConvoyForLinux\dbscanline.cpp(145,22): warning : comparison between signed and unsigned integer expressions [-Wsign-compare]
D:\IT4BI\INTERNSHIP\Alborg University_Faisal\ConvoyForLinux\ConvoyForLinux\dbscanline.cpp(189,22): warning : conversion to ‘int’ from ‘std::vector<PolyLine>::size_type {aka long unsigned int}’ may alter its value [-Wconversion]
D:\IT4BI\INTERNSHIP\Alborg University_Faisal\ConvoyForLinux\ConvoyForLinux\dbscanline.cpp(235,21): warning : conversion to ‘int’ from ‘std::vector<PolyLine>::size_type {aka long unsigned int}’ may alter its value [-Wconversion]
D:\IT4BI\INTERNSHIP\Alborg University_Faisal\ConvoyForLinux\ConvoyForLinux\dbscanline.cpp(245,21): warning : comparison between signed and unsigned integer expressions [-Wsign-compare]
D:\IT4BI\INTERNSHIP\Alborg University_Faisal\ConvoyForLinux\ConvoyForLinux\dbscanline.cpp(253,19): warning : comparison between signed and unsigned integer expressions [-Wsign-compare]
D:\IT4BI\INTERNSHIP\Alborg University_Faisal\ConvoyForLinux\ConvoyForLinux\dbscanline.cpp(254,21): warning : comparison between signed and unsigned integer expressions [-Wsign-compare]
  func.cpp
D:\IT4BI\INTERNSHIP\Alborg University_Faisal\ConvoyForLinux\ConvoyForLinux\func.h(44): warning : "SMALL_NUM" redefined
D:\IT4BI\INTERNSHIP\Alborg University_Faisal\ConvoyForLinux\ConvoyForLinux\geom.h(277,42): warning : comparison between signed and unsigned integer expressions [-Wsign-compare]
D:\IT4BI\INTERNSHIP\Alborg University_Faisal\ConvoyForLinux\ConvoyForLinux\geom.h(280,21): warning : comparison between signed and unsigned integer expressions [-Wsign-compare]
D:\IT4BI\INTERNSHIP\Alborg University_Faisal\ConvoyForLinux\ConvoyForLinux\geom.h(284,51): warning : conversion to ‘double’ from ‘std::vector<Point*>::size_type {aka long unsigned int}’ may alter its value [-Wconversion]
D:\IT4BI\INTERNSHIP\Alborg University_Faisal\ConvoyForLinux\ConvoyForLinux\geom.h(287,21): warning : comparison between signed and unsigned integer expressions [-Wsign-compare]
D:\IT4BI\INTERNSHIP\Alborg University_Faisal\ConvoyForLinux\ConvoyForLinux\geom.h(306,21): warning : conversion to ‘int’ from ‘std::vector<Point*>::size_type {aka long unsigned int}’ may alter its value [-Wconversion]
D:\IT4BI\INTERNSHIP\Alborg University_Faisal\ConvoyForLinux\ConvoyForLinux\geom.h(307,24): warning : conversion to ‘int’ from ‘std::vector<Point*>::size_type {aka long unsigned int}’ may alter its value [-Wconversion]
D:\IT4BI\INTERNSHIP\Alborg University_Faisal\ConvoyForLinux\ConvoyForLinux\geom.h(404,21): warning : conversion to ‘int’ from ‘std::vector<Point*>::size_type {aka long unsigned int}’ may alter its value [-Wconversion]
D:\IT4BI\INTERNSHIP\Alborg University_Faisal\ConvoyForLinux\ConvoyForLinux\geom.h(405,24): warning : conversion to ‘int’ from ‘std::vector<Point*>::size_type {aka long unsigned int}’ may alter its value [-Wconversion]
D:\IT4BI\INTERNSHIP\Alborg University_Faisal\ConvoyForLinux\ConvoyForLinux\func.cpp(210,5): warning : conversion to ‘char’ from ‘int’ may alter its value [-Wconversion]
D:\IT4BI\INTERNSHIP\Alborg University_Faisal\ConvoyForLinux\ConvoyForLinux\func.cpp(284,20): warning : comparison between signed and unsigned integer expressions [-Wsign-compare]
D:\IT4BI\INTERNSHIP\Alborg University_Faisal\ConvoyForLinux\ConvoyForLinux\func.cpp(285,25): warning : comparison between signed and unsigned integer expressions [-Wsign-compare]
  geom.cpp
D:\IT4BI\INTERNSHIP\Alborg University_Faisal\ConvoyForLinux\ConvoyForLinux\func.h(44): warning : "SMALL_NUM" redefined
D:\IT4BI\INTERNSHIP\Alborg University_Faisal\ConvoyForLinux\ConvoyForLinux\geom.h(277,42): warning : comparison between signed and unsigned integer expressions [-Wsign-compare]
D:\IT4BI\INTERNSHIP\Alborg University_Faisal\ConvoyForLinux\ConvoyForLinux\geom.h(280,21): warning : comparison between signed and unsigned integer expressions [-Wsign-compare]
D:\IT4BI\INTERNSHIP\Alborg University_Faisal\ConvoyForLinux\ConvoyForLinux\geom.h(284,51): warning : conversion to ‘double’ from ‘std::vector<Point*>::size_type {aka long unsigned int}’ may alter its value [-Wconversion]
D:\IT4BI\INTERNSHIP\Alborg University_Faisal\ConvoyForLinux\ConvoyForLinux\geom.h(287,21): warning : comparison between signed and unsigned integer expressions [-Wsign-compare]
D:\IT4BI\INTERNSHIP\Alborg University_Faisal\ConvoyForLinux\ConvoyForLinux\geom.h(306,21): warning : conversion to ‘int’ from ‘std::vector<Point*>::size_type {aka long unsigned int}’ may alter its value [-Wconversion]
D:\IT4BI\INTERNSHIP\Alborg University_Faisal\ConvoyForLinux\ConvoyForLinux\geom.h(307,24): warning : conversion to ‘int’ from ‘std::vector<Point*>::size_type {aka long unsigned int}’ may alter its value [-Wconversion]
D:\IT4BI\INTERNSHIP\Alborg University_Faisal\ConvoyForLinux\ConvoyForLinux\geom.h(404,21): warning : conversion to ‘int’ from ‘std::vector<Point*>::size_type {aka long unsigned int}’ may alter its value [-Wconversion]
D:\IT4BI\INTERNSHIP\Alborg University_Faisal\ConvoyForLinux\ConvoyForLinux\geom.h(405,24): warning : conversion to ‘int’ from ‘std::vector<Point*>::size_type {aka long unsigned int}’ may alter its value [-Wconversion]
D:\IT4BI\INTERNSHIP\Alborg University_Faisal\ConvoyForLinux\ConvoyForLinux\geom.cpp(96,19): warning : comparison between signed and unsigned integer expressions [-Wsign-compare]
  grid.cpp
D:\IT4BI\INTERNSHIP\Alborg University_Faisal\ConvoyForLinux\ConvoyForLinux\func.h(44): warning : "SMALL_NUM" redefined
D:\IT4BI\INTERNSHIP\Alborg University_Faisal\ConvoyForLinux\ConvoyForLinux\geom.h(277,42): warning : comparison between signed and unsigned integer expressions [-Wsign-compare]
D:\IT4BI\INTERNSHIP\Alborg University_Faisal\ConvoyForLinux\ConvoyForLinux\geom.h(280,21): warning : comparison between signed and unsigned integer expressions [-Wsign-compare]
D:\IT4BI\INTERNSHIP\Alborg University_Faisal\ConvoyForLinux\ConvoyForLinux\geom.h(284,51): warning : conversion to ‘double’ from ‘std::vector<Point*>::size_type {aka long unsigned int}’ may alter its value [-Wconversion]
D:\IT4BI\INTERNSHIP\Alborg University_Faisal\ConvoyForLinux\ConvoyForLinux\geom.h(287,21): warning : comparison between signed and unsigned integer expressions [-Wsign-compare]
D:\IT4BI\INTERNSHIP\Alborg University_Faisal\ConvoyForLinux\ConvoyForLinux\geom.h(306,21): warning : conversion to ‘int’ from ‘std::vector<Point*>::size_type {aka long unsigned int}’ may alter its value [-Wconversion]
D:\IT4BI\INTERNSHIP\Alborg University_Faisal\ConvoyForLinux\ConvoyForLinux\geom.h(307,24): warning : conversion to ‘int’ from ‘std::vector<Point*>::size_type {aka long unsigned int}’ may alter its value [-Wconversion]
D:\IT4BI\INTERNSHIP\Alborg University_Faisal\ConvoyForLinux\ConvoyForLinux\geom.h(404,21): warning : conversion to ‘int’ from ‘std::vector<Point*>::size_type {aka long unsigned int}’ may alter its value [-Wconversion]
D:\IT4BI\INTERNSHIP\Alborg University_Faisal\ConvoyForLinux\ConvoyForLinux\geom.h(405,24): warning : conversion to ‘int’ from ‘std::vector<Point*>::size_type {aka long unsigned int}’ may alter its value [-Wconversion]
D:\IT4BI\INTERNSHIP\Alborg University_Faisal\ConvoyForLinux\ConvoyForLinux\buf.h(26,16): warning : conversion to ‘int’ from ‘std::vector<Point>::size_type {aka long unsigned int}’ may alter its value [-Wconversion]
D:\IT4BI\INTERNSHIP\Alborg University_Faisal\ConvoyForLinux\ConvoyForLinux\buf.h(27,7): warning : comparison between signed and unsigned integer expressions [-Wsign-compare]
D:\IT4BI\INTERNSHIP\Alborg University_Faisal\ConvoyForLinux\ConvoyForLinux\buf.h(59,34): warning : conversion to ‘int’ from ‘std::map<int, Trajectory>::size_type {aka long unsigned int}’ may alter its value [-Wconversion]
D:\IT4BI\INTERNSHIP\Alborg University_Faisal\ConvoyForLinux\ConvoyForLinux\buf.h(62,42): warning : conversion to ‘int’ from ‘std::map<int, std::vector<IPoint> >::size_type {aka long unsigned int}’ may alter its value [-Wconversion]
D:\IT4BI\INTERNSHIP\Alborg University_Faisal\ConvoyForLinux\ConvoyForLinux\grid.cpp(26,32): warning : conversion to ‘int’ from ‘double’ may alter its value [-Wfloat-conversion]
D:\IT4BI\INTERNSHIP\Alborg University_Faisal\ConvoyForLinux\ConvoyForLinux\grid.cpp(27,32): warning : conversion to ‘int’ from ‘double’ may alter its value [-Wfloat-conversion]
D:\IT4BI\INTERNSHIP\Alborg University_Faisal\ConvoyForLinux\ConvoyForLinux\grid.cpp(56,19): warning : comparison between signed and unsigned integer expressions [-Wsign-compare]
D:\IT4BI\INTERNSHIP\Alborg University_Faisal\ConvoyForLinux\ConvoyForLinux\grid.cpp(62,8): warning : conversion to ‘int’ from ‘double’ may alter its value [-Wfloat-conversion]
D:\IT4BI\INTERNSHIP\Alborg University_Faisal\ConvoyForLinux\ConvoyForLinux\grid.cpp(63,8): warning : conversion to ‘int’ from ‘double’ may alter its value [-Wfloat-conversion]
D:\IT4BI\INTERNSHIP\Alborg University_Faisal\ConvoyForLinux\ConvoyForLinux\grid.cpp(68,23): warning : comparison between signed and unsigned integer expressions [-Wsign-compare]
  gridline.cpp
D:\IT4BI\INTERNSHIP\Alborg University_Faisal\ConvoyForLinux\ConvoyForLinux\geom.h(277,42): warning : comparison between signed and unsigned integer expressions [-Wsign-compare]
D:\IT4BI\INTERNSHIP\Alborg University_Faisal\ConvoyForLinux\ConvoyForLinux\geom.h(280,21): warning : comparison between signed and unsigned integer expressions [-Wsign-compare]
D:\IT4BI\INTERNSHIP\Alborg University_Faisal\ConvoyForLinux\ConvoyForLinux\geom.h(284,51): warning : conversion to ‘double’ from ‘std::vector<Point*>::size_type {aka long unsigned int}’ may alter its value [-Wconversion]
D:\IT4BI\INTERNSHIP\Alborg University_Faisal\ConvoyForLinux\ConvoyForLinux\geom.h(287,21): warning : comparison between signed and unsigned integer expressions [-Wsign-compare]
D:\IT4BI\INTERNSHIP\Alborg University_Faisal\ConvoyForLinux\ConvoyForLinux\geom.h(306,21): warning : conversion to ‘int’ from ‘std::vector<Point*>::size_type {aka long unsigned int}’ may alter its value [-Wconversion]
D:\IT4BI\INTERNSHIP\Alborg University_Faisal\ConvoyForLinux\ConvoyForLinux\geom.h(307,24): warning : conversion to ‘int’ from ‘std::vector<Point*>::size_type {aka long unsigned int}’ may alter its value [-Wconversion]
D:\IT4BI\INTERNSHIP\Alborg University_Faisal\ConvoyForLinux\ConvoyForLinux\geom.h(404,21): warning : conversion to ‘int’ from ‘std::vector<Point*>::size_type {aka long unsigned int}’ may alter its value [-Wconversion]
D:\IT4BI\INTERNSHIP\Alborg University_Faisal\ConvoyForLinux\ConvoyForLinux\geom.h(405,24): warning : conversion to ‘int’ from ‘std::vector<Point*>::size_type {aka long unsigned int}’ may alter its value [-Wconversion]
D:\IT4BI\INTERNSHIP\Alborg University_Faisal\ConvoyForLinux\ConvoyForLinux\buf.h(26,16): warning : conversion to ‘int’ from ‘std::vector<Point>::size_type {aka long unsigned int}’ may alter its value [-Wconversion]
D:\IT4BI\INTERNSHIP\Alborg University_Faisal\ConvoyForLinux\ConvoyForLinux\buf.h(27,7): warning : comparison between signed and unsigned integer expressions [-Wsign-compare]
D:\IT4BI\INTERNSHIP\Alborg University_Faisal\ConvoyForLinux\ConvoyForLinux\buf.h(59,34): warning : conversion to ‘int’ from ‘std::map<int, Trajectory>::size_type {aka long unsigned int}’ may alter its value [-Wconversion]
D:\IT4BI\INTERNSHIP\Alborg University_Faisal\ConvoyForLinux\ConvoyForLinux\buf.h(62,42): warning : conversion to ‘int’ from ‘std::map<int, std::vector<IPoint> >::size_type {aka long unsigned int}’ may alter its value [-Wconversion]
D:\IT4BI\INTERNSHIP\Alborg University_Faisal\ConvoyForLinux\ConvoyForLinux\gridline.cpp(42,19): warning : comparison between signed and unsigned integer expressions [-Wsign-compare]
D:\IT4BI\INTERNSHIP\Alborg University_Faisal\ConvoyForLinux\ConvoyForLinux\gridline.cpp(53,8): warning : conversion to ‘int’ from ‘double’ may alter its value [-Wfloat-conversion]
D:\IT4BI\INTERNSHIP\Alborg University_Faisal\ConvoyForLinux\ConvoyForLinux\gridline.cpp(54,8): warning : conversion to ‘int’ from ‘double’ may alter its value [-Wfloat-conversion]
D:\IT4BI\INTERNSHIP\Alborg University_Faisal\ConvoyForLinux\ConvoyForLinux\gridline.cpp(71,23): warning : comparison between signed and unsigned integer expressions [-Wsign-compare]
D:\IT4BI\INTERNSHIP\Alborg University_Faisal\ConvoyForLinux\ConvoyForLinux\gridline.cpp(41,9): warning : unused variable ‘maxarea’ [-Wunused-variable]
D:\IT4BI\INTERNSHIP\Alborg University_Faisal\ConvoyForLinux\ConvoyForLinux\gridline.cpp(110,25): warning : conversion to ‘int’ from ‘std::vector<Point*>::size_type {aka long unsigned int}’ may alter its value [-Wconversion]
D:\IT4BI\INTERNSHIP\Alborg University_Faisal\ConvoyForLinux\ConvoyForLinux\gridline.cpp(110,6): warning : unused variable ‘lloop’ [-Wunused-variable]
  main.cpp
D:\IT4BI\INTERNSHIP\Alborg University_Faisal\ConvoyForLinux\ConvoyForLinux\func.h(44): warning : "SMALL_NUM" redefined
D:\IT4BI\INTERNSHIP\Alborg University_Faisal\ConvoyForLinux\ConvoyForLinux\geom.h(277,42): warning : comparison between signed and unsigned integer expressions [-Wsign-compare]
D:\IT4BI\INTERNSHIP\Alborg University_Faisal\ConvoyForLinux\ConvoyForLinux\geom.h(280,21): warning : comparison between signed and unsigned integer expressions [-Wsign-compare]
D:\IT4BI\INTERNSHIP\Alborg University_Faisal\ConvoyForLinux\ConvoyForLinux\geom.h(284,51): warning : conversion to ‘double’ from ‘std::vector<Point*>::size_type {aka long unsigned int}’ may alter its value [-Wconversion]
D:\IT4BI\INTERNSHIP\Alborg University_Faisal\ConvoyForLinux\ConvoyForLinux\geom.h(287,21): warning : comparison between signed and unsigned integer expressions [-Wsign-compare]
D:\IT4BI\INTERNSHIP\Alborg University_Faisal\ConvoyForLinux\ConvoyForLinux\geom.h(306,21): warning : conversion to ‘int’ from ‘std::vector<Point*>::size_type {aka long unsigned int}’ may alter its value [-Wconversion]
D:\IT4BI\INTERNSHIP\Alborg University_Faisal\ConvoyForLinux\ConvoyForLinux\geom.h(307,24): warning : conversion to ‘int’ from ‘std::vector<Point*>::size_type {aka long unsigned int}’ may alter its value [-Wconversion]
D:\IT4BI\INTERNSHIP\Alborg University_Faisal\ConvoyForLinux\ConvoyForLinux\geom.h(404,21): warning : conversion to ‘int’ from ‘std::vector<Point*>::size_type {aka long unsigned int}’ may alter its value [-Wconversion]
D:\IT4BI\INTERNSHIP\Alborg University_Faisal\ConvoyForLinux\ConvoyForLinux\geom.h(405,24): warning : conversion to ‘int’ from ‘std::vector<Point*>::size_type {aka long unsigned int}’ may alter its value [-Wconversion]
D:\IT4BI\INTERNSHIP\Alborg University_Faisal\ConvoyForLinux\ConvoyForLinux\buf.h(26,16): warning : conversion to ‘int’ from ‘std::vector<Point>::size_type {aka long unsigned int}’ may alter its value [-Wconversion]
D:\IT4BI\INTERNSHIP\Alborg University_Faisal\ConvoyForLinux\ConvoyForLinux\buf.h(27,7): warning : comparison between signed and unsigned integer expressions [-Wsign-compare]
D:\IT4BI\INTERNSHIP\Alborg University_Faisal\ConvoyForLinux\ConvoyForLinux\buf.h(59,34): warning : conversion to ‘int’ from ‘std::map<int, Trajectory>::size_type {aka long unsigned int}’ may alter its value [-Wconversion]
D:\IT4BI\INTERNSHIP\Alborg University_Faisal\ConvoyForLinux\ConvoyForLinux\buf.h(62,42): warning : conversion to ‘int’ from ‘std::map<int, std::vector<IPoint> >::size_type {aka long unsigned int}’ may alter its value [-Wconversion]
D:\IT4BI\INTERNSHIP\Alborg University_Faisal\ConvoyForLinux\ConvoyForLinux\dbscan.h(31,42): warning : conversion to ‘int’ from ‘std::vector<Convoy>::size_type {aka long unsigned int}’ may alter its value [-Wconversion]
D:\IT4BI\INTERNSHIP\Alborg University_Faisal\ConvoyForLinux\ConvoyForLinux\idist.h(20,26): warning : conversion to ‘int’ from ‘std::vector<PolyLine>::size_type {aka long unsigned int}’ may alter its value [-Wconversion]
D:\IT4BI\INTERNSHIP\Alborg University_Faisal\ConvoyForLinux\ConvoyForLinux\idist.h(52,10): warning : unused variable ‘R’ [-Wunused-variable]
D:\IT4BI\INTERNSHIP\Alborg University_Faisal\ConvoyForLinux\ConvoyForLinux\main.cpp(74,36): warning : ISO C++ forbids converting a string constant to ‘std::vector<char*>::value_type {aka char*}’ [-Wwrite-strings]
D:\IT4BI\INTERNSHIP\Alborg University_Faisal\ConvoyForLinux\ConvoyForLinux\main.cpp(64,10): warning : unused variable ‘tol’ [-Wunused-variable]
D:\IT4BI\INTERNSHIP\Alborg University_Faisal\ConvoyForLinux\ConvoyForLinux\main.cpp(65,7): warning : unused variable ‘plen’ [-Wunused-variable]
D:\IT4BI\INTERNSHIP\Alborg University_Faisal\ConvoyForLinux\ConvoyForLinux\main.cpp(65,13): warning : unused variable ‘tol_s’ [-Wunused-variable]
D:\IT4BI\INTERNSHIP\Alborg University_Faisal\ConvoyForLinux\ConvoyForLinux\main.cpp(65,20): warning : unused variable ‘tol_e’ [-Wunused-variable]
D:\IT4BI\INTERNSHIP\Alborg University_Faisal\ConvoyForLinux\ConvoyForLinux\main.cpp(65,27): warning : unused variable ‘tol_i’ [-Wunused-variable]
D:\IT4BI\INTERNSHIP\Alborg University_Faisal\ConvoyForLinux\ConvoyForLinux\main.cpp(65,34): warning : unused variable ‘q’ [-Wunused-variable]
  mc.cpp
D:\IT4BI\INTERNSHIP\Alborg University_Faisal\ConvoyForLinux\ConvoyForLinux\func.h(44): warning : "SMALL_NUM" redefined
D:\IT4BI\INTERNSHIP\Alborg University_Faisal\ConvoyForLinux\ConvoyForLinux\geom.h(277,42): warning : comparison between signed and unsigned integer expressions [-Wsign-compare]
D:\IT4BI\INTERNSHIP\Alborg University_Faisal\ConvoyForLinux\ConvoyForLinux\geom.h(280,21): warning : comparison between signed and unsigned integer expressions [-Wsign-compare]
D:\IT4BI\INTERNSHIP\Alborg University_Faisal\ConvoyForLinux\ConvoyForLinux\geom.h(284,51): warning : conversion to ‘double’ from ‘std::vector<Point*>::size_type {aka long unsigned int}’ may alter its value [-Wconversion]
D:\IT4BI\INTERNSHIP\Alborg University_Faisal\ConvoyForLinux\ConvoyForLinux\geom.h(287,21): warning : comparison between signed and unsigned integer expressions [-Wsign-compare]
D:\IT4BI\INTERNSHIP\Alborg University_Faisal\ConvoyForLinux\ConvoyForLinux\geom.h(306,21): warning : conversion to ‘int’ from ‘std::vector<Point*>::size_type {aka long unsigned int}’ may alter its value [-Wconversion]
D:\IT4BI\INTERNSHIP\Alborg University_Faisal\ConvoyForLinux\ConvoyForLinux\geom.h(307,24): warning : conversion to ‘int’ from ‘std::vector<Point*>::size_type {aka long unsigned int}’ may alter its value [-Wconversion]
D:\IT4BI\INTERNSHIP\Alborg University_Faisal\ConvoyForLinux\ConvoyForLinux\geom.h(404,21): warning : conversion to ‘int’ from ‘std::vector<Point*>::size_type {aka long unsigned int}’ may alter its value [-Wconversion]
D:\IT4BI\INTERNSHIP\Alborg University_Faisal\ConvoyForLinux\ConvoyForLinux\geom.h(405,24): warning : conversion to ‘int’ from ‘std::vector<Point*>::size_type {aka long unsigned int}’ may alter its value [-Wconversion]
D:\IT4BI\INTERNSHIP\Alborg University_Faisal\ConvoyForLinux\ConvoyForLinux\buf.h(26,16): warning : conversion to ‘int’ from ‘std::vector<Point>::size_type {aka long unsigned int}’ may alter its value [-Wconversion]
D:\IT4BI\INTERNSHIP\Alborg University_Faisal\ConvoyForLinux\ConvoyForLinux\buf.h(27,7): warning : comparison between signed and unsigned integer expressions [-Wsign-compare]
D:\IT4BI\INTERNSHIP\Alborg University_Faisal\ConvoyForLinux\ConvoyForLinux\buf.h(59,34): warning : conversion to ‘int’ from ‘std::map<int, Trajectory>::size_type {aka long unsigned int}’ may alter its value [-Wconversion]
D:\IT4BI\INTERNSHIP\Alborg University_Faisal\ConvoyForLinux\ConvoyForLinux\buf.h(62,42): warning : conversion to ‘int’ from ‘std::map<int, std::vector<IPoint> >::size_type {aka long unsigned int}’ may alter its value [-Wconversion]
D:\IT4BI\INTERNSHIP\Alborg University_Faisal\ConvoyForLinux\ConvoyForLinux\dbscan.h(31,42): warning : conversion to ‘int’ from ‘std::vector<Convoy>::size_type {aka long unsigned int}’ may alter its value [-Wconversion]
D:\IT4BI\INTERNSHIP\Alborg University_Faisal\ConvoyForLinux\ConvoyForLinux\mc.cpp(59,18): warning : comparison between signed and unsigned integer expressions [-Wsign-compare]
D:\IT4BI\INTERNSHIP\Alborg University_Faisal\ConvoyForLinux\ConvoyForLinux\mc.cpp(87,29): warning : comparison between signed and unsigned integer expressions [-Wsign-compare]
  Linking objects
  ConvoyForLinux.vcxproj -> D:\IT4BI\INTERNSHIP\Alborg University_Faisal\ConvoyForLinux\ConvoyForLinux\bin\x64\Debug\ConvoyForLinux.out
